<?xml version="1.0" encoding="UTF-8"?>
<!-- Generated by org.testng.reporters.JUnitXMLReporter -->
<testsuite hostname="FHLT0017" ignored="0" name="Suite-1" tests="4" failures="0" timestamp="19 Sep 2019 10:13:40 GMT" time="46.079" errors="0">
  <testcase name="tc_CreateVendor_01" time="30.979" classname="testsuite.CreateVendorsTest"/>
  <testcase name="tc_CreateVendor_02" time="4.263" classname="testsuite.CreateVendorsTest"/>
  <testcase name="tc_CreateVendor_02" time="4.293" classname="testsuite.CreateVendorsTest"/>
  <testcase name="tc_CreateVendor_02" time="4.143" classname="testsuite.CreateVendorsTest"/>
</testsuite> <!-- Suite-1 -->
