<?xml version="1.0" encoding="UTF-8"?>
<!-- Generated by org.testng.reporters.JUnitXMLReporter -->
<testsuite hostname="FHLT0017" ignored="2" name="Parameter Test two" tests="1" failures="0" timestamp="04 Sep 2019 06:57:09 GMT" time="0.005" errors="0">
  <testcase name="prameterTestTwo" time="0.003" classname="testsuite.ParameterTest"/>
  <testcase name="prameterTestOne" time="0.0" classname="testsuite.ParameterTest">
    <ignored/>
  </testcase> <!-- prameterTestOne -->
  <testcase name="prameterTestThree" time="0.0" classname="testsuite.ParameterTest">
    <ignored/>
  </testcase> <!-- prameterTestThree -->
</testsuite> <!-- Parameter Test two -->
