<?xml version="1.0" encoding="UTF-8"?>
<!-- Generated by org.testng.reporters.JUnitXMLReporter -->
<testsuite hostname="FHLT0017" ignored="0" name="Module-1" tests="5" failures="0" timestamp="04 Sep 2019 06:21:37 GMT" time="0.061" errors="0">
  <testcase name="login" time="0.016" classname="testsuite.TestNGExample1"/>
  <testcase name="create" time="0.0" classname="testsuite.TestNGExample2"/>
  <testcase name="update" time="0.003" classname="testsuite.TestNGExample2"/>
  <testcase name="dashboard" time="0.0" classname="testsuite.TestNGExample1"/>
  <testcase name="search" time="0.001" classname="testsuite.TestNGExample1"/>
</testsuite> <!-- Module-1 -->
