<?xml version="1.0" encoding="UTF-8"?>
<!-- Generated by org.testng.reporters.JUnitXMLReporter -->
<testsuite hostname="FHLT0017" ignored="0" name="Test1" tests="3" failures="1" timestamp="04 Sep 2019 07:44:59 GMT" time="29.794" errors="0">
  <testcase name="tc_SignUp_01" time="5.763" classname="testsuite.AutomationDemo4">
    <failure type="java.lang.AssertionError" message="expected [Circulus - Registration0] but found [Circulus - Registration]">
      <![CDATA[java.lang.AssertionError: expected [Circulus - Registration0] but found [Circulus - Registration]
	at testsuite.AutomationDemo4.tc_SignUp_01(AutomationDemo4.java:27)
	at java.util.concurrent.FutureTask.run(Unknown Source)
	at java.util.concurrent.ThreadPoolExecutor.runWorker(Unknown Source)
	at java.util.concurrent.ThreadPoolExecutor$Worker.run(Unknown Source)
	at java.lang.Thread.run(Unknown Source)
... Removed 22 stack frames]]>
    </failure>
  </testcase> <!-- tc_SignUp_01 -->
  <testcase name="tc_SignUp_02" time="2.453" classname="testsuite.AutomationDemo4"/>
  <testcase name="tc_SignUp_03" time="5.599" classname="testsuite.AutomationDemo4"/>
</testsuite> <!-- Test1 -->
