<?xml version="1.0" encoding="UTF-8"?>
<!-- Generated by org.testng.reporters.JUnitXMLReporter -->
<testsuite hostname="FHLT0017" ignored="0" name="Test" tests="5" failures="0" timestamp="04 Sep 2019 07:07:38 GMT" time="0.071" errors="0">
  <testcase name="tc_Parallel_01" time="0.002" classname="testsuite.ParallelMethodsTest"/>
  <testcase name="login" time="0.015" classname="testsuite.TestNGExample1"/>
  <testcase name="tc_Parallel_02" time="0.013" classname="testsuite.ParallelMethodsTest"/>
  <testcase name="dashboard" time="0.002" classname="testsuite.TestNGExample1"/>
  <testcase name="search" time="0.002" classname="testsuite.TestNGExample1"/>
</testsuite> <!-- Test -->
