<?xml version="1.0" encoding="UTF-8"?>
<!-- Generated by org.testng.reporters.JUnitXMLReporter -->
<testsuite hostname="FHLT0017" ignored="0" name="Test1" tests="8" failures="2" timestamp="16 Sep 2019 07:54:15 GMT" time="10.236" errors="0">
  <testcase name="tc_Login_01" time="0.226" classname="testsuite.ListenerTest">
    <skipped/>
  </testcase> <!-- tc_Login_01 -->
  <testcase name="tc_Login_01" time="0.032" classname="testsuite.ListenerTest">
    <skipped/>
  </testcase> <!-- tc_Login_01 -->
  <testcase name="tc_Login_01" time="0.013" classname="testsuite.ListenerTest">
    <failure type="java.lang.AssertionError" message="expected [Circulus - Login..] but found [Circulus - Login]">
      <![CDATA[java.lang.AssertionError: expected [Circulus - Login..] but found [Circulus - Login]
	at testsuite.ListenerTest.tc_Login_01(ListenerTest.java:39)
... Removed 31 stack frames]]>
    </failure>
  </testcase> <!-- tc_Login_01 -->
  <testcase name="tc_Login_02" time="0.374" classname="testsuite.ListenerTest">
    <skipped/>
  </testcase> <!-- tc_Login_02 -->
  <testcase name="tc_Login_02" time="0.259" classname="testsuite.ListenerTest">
    <skipped/>
  </testcase> <!-- tc_Login_02 -->
  <testcase name="tc_Login_02" time="0.257" classname="testsuite.ListenerTest">
    <failure type="java.lang.AssertionError" message="expected [Please enter Password.] but found [Please enter Password..]">
      <![CDATA[java.lang.AssertionError: expected [Please enter Password.] but found [Please enter Password..]
	at testsuite.ListenerTest.tc_Login_02(ListenerTest.java:59)
... Removed 31 stack frames]]>
    </failure>
  </testcase> <!-- tc_Login_02 -->
  <testcase name="tc_Login_03" time="6.587" classname="testsuite.ListenerTest"/>
  <testcase name="tc_Login_04" time="2.433" classname="testsuite.ListenerTest"/>
</testsuite> <!-- Test1 -->
