<?xml version="1.0" encoding="UTF-8"?>
<!-- Generated by org.testng.reporters.JUnitReportReporter -->
<testsuite skipped="0" hostname="FHLT0017" name="testsuite.TestNGExample3" tests="15" failures="0" timestamp="04 Sep 2019 06:21:37 GMT" time="0.018" errors="0">
  <testcase name="tc_Seach_15" time="0.001" classname="testsuite.TestNGExample3"/>
  <testcase name="tc_Seach_05" time="0.000" classname="testsuite.TestNGExample3"/>
  <testcase name="tc_Seach_07" time="0.001" classname="testsuite.TestNGExample3"/>
  <testcase name="tc_Seach_10" time="0.000" classname="testsuite.TestNGExample3"/>
  <testcase name="tc_Seach_09" time="0.001" classname="testsuite.TestNGExample3"/>
  <testcase name="tc_Seach_03" time="0.001" classname="testsuite.TestNGExample3"/>
  <testcase name="tc_Seach_04" time="0.000" classname="testsuite.TestNGExample3"/>
  <testcase name="tc_Seach_11" time="0.001" classname="testsuite.TestNGExample3"/>
  <testcase name="tc_Seach_06" time="0.001" classname="testsuite.TestNGExample3"/>
  <testcase name="tc_Seach_08" time="0.001" classname="testsuite.TestNGExample3"/>
  <testcase name="tc_Seach_01" time="0.000" classname="testsuite.TestNGExample3"/>
  <testcase name="tc_Seach_02" time="0.002" classname="testsuite.TestNGExample3"/>
  <testcase name="tc_Seach_12" time="0.005" classname="testsuite.TestNGExample3"/>
  <testcase name="tc_Seach_13" time="0.004" classname="testsuite.TestNGExample3"/>
  <testcase name="tc_Seach_14" time="0.000" classname="testsuite.TestNGExample3"/>
</testsuite> <!-- testsuite.TestNGExample3 -->
