<?xml version="1.0" encoding="UTF-8"?>
<!-- Generated by org.testng.reporters.JUnitXMLReporter -->
<testsuite hostname="FHLT0017" ignored="0" name="DataProvider Test" tests="4" failures="0" timestamp="11 Sep 2019 11:05:45 GMT" time="41.799" errors="0">
  <testcase name="tc_Login_01" time="6.104" classname="dataproviders.DataProviderMethodParameter2"/>
  <testcase name="tc_Login_01" time="5.832" classname="dataproviders.DataProviderMethodParameter2"/>
  <testcase name="tc_Login_02" time="7.961" classname="dataproviders.DataProviderMethodParameter2"/>
  <testcase name="tc_Login_02" time="7.309" classname="dataproviders.DataProviderMethodParameter2"/>
</testsuite> <!-- DataProvider Test -->
