<?xml version="1.0" encoding="UTF-8"?>
<!-- Generated by org.testng.reporters.JUnitXMLReporter -->
<testsuite hostname="FHLT0017" ignored="0" name="SanityTest" tests="3" failures="0" timestamp="16 Sep 2019 06:39:41 GMT" time="27.073" errors="0">
  <testcase name="tc_Login_01" time="0.03" classname="dataproviders.DataProviderITestContext1"/>
  <testcase name="tc_Login_02" time="6.939" classname="dataproviders.DataProviderITestContext1"/>
  <testcase name="tc_Login_02" time="6.928" classname="dataproviders.DataProviderITestContext1"/>
</testsuite> <!-- SanityTest -->
