<?xml version="1.0" encoding="UTF-8"?>
<!-- Generated by org.testng.reporters.JUnitXMLReporter -->
<testsuite hostname="FHLT0017" ignored="0" name="Groups Test" tests="6" failures="2" timestamp="15 Sep 2019 15:58:49 GMT" time="0.89" errors="0">
  <testcase name="tc_Login_01" time="0.229" classname="dataproviders.DataProviderGroups"/>
  <testcase name="tc_Login_01" time="0.028" classname="dataproviders.DataProviderGroups"/>
  <testcase name="tc_Login_02" time="0.344" classname="dataproviders.DataProviderGroups"/>
  <testcase name="tc_Login_02" time="0.236" classname="dataproviders.DataProviderGroups"/>
  <testcase name="tc_Login_03" time="0.001" classname="dataproviders.DataProviderGroups">
    <failure type="org.testng.internal.reflect.MethodMatcherException" message="
Data provider mismatch
Method: tc_Login_03([Parameter{index=0, type=java.lang.String, declaredAnnotations=[]}])
Arguments: [(java.lang.String)nag@gmail.com,(java.lang.String)Abc@123!]">
      <![CDATA[org.testng.internal.reflect.MethodMatcherException: 
Data provider mismatch
Method: tc_Login_03([Parameter{index=0, type=java.lang.String, declaredAnnotations=[]}])
Arguments: [(java.lang.String)nag@gmail.com,(java.lang.String)Abc@123!]
... Removed 20 stack frames]]>
    </failure>
  </testcase> <!-- tc_Login_03 -->
  <testcase name="tc_Login_04" time="0.0" classname="dataproviders.DataProviderGroups">
    <failure type="org.testng.internal.reflect.MethodMatcherException" message="
Data provider mismatch
Method: tc_Login_04([Parameter{index=0, type=java.lang.String, declaredAnnotations=[]}])
Arguments: [(java.lang.String)nag@gmail.com,(java.lang.String)Abc@123!]">
      <![CDATA[org.testng.internal.reflect.MethodMatcherException: 
Data provider mismatch
Method: tc_Login_04([Parameter{index=0, type=java.lang.String, declaredAnnotations=[]}])
Arguments: [(java.lang.String)nag@gmail.com,(java.lang.String)Abc@123!]
... Removed 20 stack frames]]>
    </failure>
  </testcase> <!-- tc_Login_04 -->
</testsuite> <!-- Groups Test -->
