<?xml version="1.0" encoding="UTF-8"?>
<!-- Generated by org.testng.reporters.JUnitXMLReporter -->
<testsuite hostname="FHLT0017" ignored="1" name="Groups Test" tests="2" failures="0" timestamp="04 Sep 2019 06:39:00 GMT" time="0.05" errors="0">
  <testcase name="testMethodOne" time="0.011" classname="testsuite.TestGroupsDemo2"/>
  <testcase name="testMethodThree" time="0.001" classname="testsuite.TestGroupsDemo2"/>
  <testcase name="testMethodTwo" time="0.0" classname="testsuite.TestGroupsDemo2">
    <ignored/>
  </testcase> <!-- testMethodTwo -->
</testsuite> <!-- Groups Test -->
