<?xml version="1.0" encoding="UTF-8"?>
<!-- Generated by org.testng.reporters.JUnitXMLReporter -->
<testsuite hostname="FHLT0017" ignored="0" name="Meta Groups Test" tests="7" failures="0" timestamp="04 Sep 2019 06:44:07 GMT" time="0.061" errors="0">
  <testcase name="tc_Groups_01" time="0.014" classname="testsuite.TestGroupsDemo3"/>
  <testcase name="tc_Groups_02" time="0.0" classname="testsuite.TestGroupsDemo3"/>
  <testcase name="tc_Groups_03" time="0.0" classname="testsuite.TestGroupsDemo3"/>
  <testcase name="tc_Groups_04" time="0.011" classname="testsuite.TestGroupsDemo3"/>
  <testcase name="tc_Groups_05" time="0.001" classname="testsuite.TestGroupsDemo3"/>
  <testcase name="tc_Groups_06" time="0.0" classname="testsuite.TestGroupsDemo3"/>
  <testcase name="tc_Groups_07" time="0.001" classname="testsuite.TestGroupsDemo3"/>
</testsuite> <!-- Meta Groups Test -->
