<?xml version="1.0" encoding="UTF-8"?>
<testng-results skipped="0" failed="0" ignored="0" total="1" passed="1">
  <reporter-output>
  </reporter-output>
  <suite name="Suite" duration-ms="53" started-at="2019-09-23T06:09:05Z" finished-at="2019-09-23T06:09:05Z">
    <groups>
    </groups>
    <test name="Test" duration-ms="53" started-at="2019-09-23T06:09:05Z" finished-at="2019-09-23T06:09:05Z">
      <class name="testsuite.MavenProject.TestModule1">
        <test-method status="PASS" signature="tc_Module1_01()[pri:0, instance:testsuite.MavenProject.TestModule1@b97c004]" name="tc_Module1_01" duration-ms="18" started-at="2019-09-23T11:39:05Z" finished-at="2019-09-23T11:39:05Z">
          <reporter-output>
          </reporter-output>
        </test-method> <!-- tc_Module1_01 -->
      </class> <!-- testsuite.MavenProject.TestModule1 -->
    </test> <!-- Test -->
  </suite> <!-- Suite -->
</testng-results>
