<?xml version="1.0" encoding="UTF-8"?>
<testng-results skipped="0" failed="1" ignored="0" total="3" passed="2">
  <reporter-output>
  </reporter-output>
  <suite name="Suite" duration-ms="29794" started-at="2019-09-04T07:44:30Z" finished-at="2019-09-04T07:44:59Z">
    <groups>
    </groups>
    <test name="Test1" duration-ms="29794" started-at="2019-09-04T07:44:30Z" finished-at="2019-09-04T07:44:59Z">
      <class name="testsuite.AutomationDemo4">
        <test-method status="PASS" signature="loadFiles()[pri:0, instance:testsuite.AutomationDemo4@5b275dab]" name="loadFiles" is-config="true" duration-ms="13" started-at="2019-09-04T13:14:30Z" finished-at="2019-09-04T13:14:30Z">
          <reporter-output>
          </reporter-output>
        </test-method> <!-- loadFiles -->
        <test-method status="PASS" signature="beforeClass(java.lang.String, java.lang.String)[pri:0, instance:testsuite.AutomationDemo4@5b275dab]" name="beforeClass" is-config="true" duration-ms="14028" started-at="2019-09-04T13:14:30Z" finished-at="2019-09-04T13:14:44Z">
          <params>
            <param index="0">
              <value>
                <![CDATA[chrome]]>
              </value>
            </param>
            <param index="1">
              <value>
                <![CDATA[http://qa.circulus.io/]]>
              </value>
            </param>
          </params>
          <reporter-output>
          </reporter-output>
        </test-method> <!-- beforeClass -->
        <test-method status="FAIL" signature="tc_SignUp_01()[pri:0, instance:testsuite.AutomationDemo4@5b275dab]" name="tc_SignUp_01" duration-ms="5763" started-at="2019-09-04T13:14:44Z" finished-at="2019-09-04T13:14:49Z">
          <exception class="java.lang.AssertionError">
            <message>
              <![CDATA[expected [Circulus - Registration0] but found [Circulus - Registration]]]>
            </message>
            <full-stacktrace>
              <![CDATA[java.lang.AssertionError: expected [Circulus - Registration0] but found [Circulus - Registration]
	at org.testng.Assert.fail(Assert.java:93)
	at org.testng.Assert.failNotEquals(Assert.java:512)
	at org.testng.Assert.assertEqualsImpl(Assert.java:134)
	at org.testng.Assert.assertEquals(Assert.java:115)
	at org.testng.Assert.assertEquals(Assert.java:189)
	at org.testng.Assert.assertEquals(Assert.java:199)
	at testsuite.AutomationDemo4.tc_SignUp_01(AutomationDemo4.java:27)
	at sun.reflect.NativeMethodAccessorImpl.invoke0(Native Method)
	at sun.reflect.NativeMethodAccessorImpl.invoke(Unknown Source)
	at sun.reflect.DelegatingMethodAccessorImpl.invoke(Unknown Source)
	at java.lang.reflect.Method.invoke(Unknown Source)
	at org.testng.internal.MethodInvocationHelper.invokeMethod(MethodInvocationHelper.java:108)
	at org.testng.internal.Invoker.invokeMethod(Invoker.java:661)
	at org.testng.internal.Invoker.invokeTestMethod(Invoker.java:869)
	at org.testng.internal.Invoker.invokeTestMethods(Invoker.java:1193)
	at org.testng.internal.TestMethodWorker.invokeTestMethods(TestMethodWorker.java:126)
	at org.testng.internal.TestMethodWorker.run(TestMethodWorker.java:109)
	at org.testng.TestRunner.privateRun(TestRunner.java:744)
	at org.testng.TestRunner.run(TestRunner.java:602)
	at org.testng.SuiteRunner.runTest(SuiteRunner.java:380)
	at org.testng.SuiteRunner.access$000(SuiteRunner.java:39)
	at org.testng.SuiteRunner$SuiteWorker.run(SuiteRunner.java:414)
	at org.testng.internal.thread.ThreadUtil$1.call(ThreadUtil.java:52)
	at java.util.concurrent.FutureTask.run(Unknown Source)
	at java.util.concurrent.ThreadPoolExecutor.runWorker(Unknown Source)
	at java.util.concurrent.ThreadPoolExecutor$Worker.run(Unknown Source)
	at java.lang.Thread.run(Unknown Source)
]]>
            </full-stacktrace>
          </exception> <!-- java.lang.AssertionError -->
          <reporter-output>
          </reporter-output>
        </test-method> <!-- tc_SignUp_01 -->
        <test-method status="PASS" signature="screenshot(org.testng.ITestResult)[pri:0, instance:testsuite.AutomationDemo4@5b275dab]" name="screenshot" is-config="true" duration-ms="481" started-at="2019-09-04T13:14:49Z" finished-at="2019-09-04T13:14:50Z">
          <params>
            <param index="0">
              <value>
                <![CDATA[[TestResult name=tc_SignUp_01 status=FAILURE method=AutomationDemo4.tc_SignUp_01()[pri:0, instance:testsuite.AutomationDemo4@5b275dab] output={null}]]]>
              </value>
            </param>
          </params>
          <reporter-output>
          </reporter-output>
        </test-method> <!-- screenshot -->
        <test-method status="PASS" signature="tc_SignUp_02()[pri:0, instance:testsuite.AutomationDemo4@5b275dab]" name="tc_SignUp_02" duration-ms="2453" started-at="2019-09-04T13:14:50Z" finished-at="2019-09-04T13:14:52Z">
          <reporter-output>
          </reporter-output>
        </test-method> <!-- tc_SignUp_02 -->
        <test-method status="PASS" signature="screenshot(org.testng.ITestResult)[pri:0, instance:testsuite.AutomationDemo4@5b275dab]" name="screenshot" is-config="true" duration-ms="0" started-at="2019-09-04T13:14:52Z" finished-at="2019-09-04T13:14:52Z">
          <params>
            <param index="0">
              <value>
                <![CDATA[[TestResult name=tc_SignUp_02 status=SUCCESS method=AutomationDemo4.tc_SignUp_02()[pri:0, instance:testsuite.AutomationDemo4@5b275dab] output={null}]]]>
              </value>
            </param>
          </params>
          <reporter-output>
          </reporter-output>
        </test-method> <!-- screenshot -->
        <test-method status="PASS" signature="tc_SignUp_03()[pri:0, instance:testsuite.AutomationDemo4@5b275dab]" name="tc_SignUp_03" duration-ms="5599" started-at="2019-09-04T13:14:52Z" finished-at="2019-09-04T13:14:58Z">
          <reporter-output>
          </reporter-output>
        </test-method> <!-- tc_SignUp_03 -->
        <test-method status="PASS" signature="screenshot(org.testng.ITestResult)[pri:0, instance:testsuite.AutomationDemo4@5b275dab]" name="screenshot" is-config="true" duration-ms="0" started-at="2019-09-04T13:14:58Z" finished-at="2019-09-04T13:14:58Z">
          <params>
            <param index="0">
              <value>
                <![CDATA[[TestResult name=tc_SignUp_03 status=SUCCESS method=AutomationDemo4.tc_SignUp_03()[pri:0, instance:testsuite.AutomationDemo4@5b275dab] output={null}]]]>
              </value>
            </param>
          </params>
          <reporter-output>
          </reporter-output>
        </test-method> <!-- screenshot -->
        <test-method status="PASS" signature="tearDown()[pri:0, instance:testsuite.AutomationDemo4@5b275dab]" name="tearDown" is-config="true" duration-ms="1442" started-at="2019-09-04T13:14:58Z" finished-at="2019-09-04T13:14:59Z">
          <reporter-output>
          </reporter-output>
        </test-method> <!-- tearDown -->
      </class> <!-- testsuite.AutomationDemo4 -->
    </test> <!-- Test1 -->
  </suite> <!-- Suite -->
</testng-results>
