<?xml version="1.0" encoding="UTF-8"?>
<!-- Generated by org.testng.reporters.JUnitXMLReporter -->
<testsuite hostname="FHLT0017" name="UnitLevel" tests="3" failures="0" timestamp="22 May 2019 11:52:43 GMT" time="0.074" errors="0">
  <testcase name="commonScenarios" time="0.016" classname="dataproviders.DataProviderParametersExample"/>
  <testcase name="scenario1" time="0.009" classname="dataproviders.DataProviderParametersExample"/>
  <testcase name="scenario2" time="0.002" classname="dataproviders.DataProviderParametersExample"/>
</testsuite> <!-- UnitLevel -->
